#! /opt/homebrew/Cellar/icarus-verilog/12.0/bin/vvp
:ivl_version "12.0 (stable)";
:ivl_delay_selection "TYPICAL";
:vpi_time_precision + 0;
:vpi_module "/opt/homebrew/Cellar/icarus-verilog/12.0/lib/ivl/system.vpi";
:vpi_module "/opt/homebrew/Cellar/icarus-verilog/12.0/lib/ivl/vhdl_sys.vpi";
:vpi_module "/opt/homebrew/Cellar/icarus-verilog/12.0/lib/ivl/vhdl_textio.vpi";
:vpi_module "/opt/homebrew/Cellar/icarus-verilog/12.0/lib/ivl/v2005_math.vpi";
:vpi_module "/opt/homebrew/Cellar/icarus-verilog/12.0/lib/ivl/va_math.vpi";
S_0x148705760 .scope module, "P1_demo" "P1_demo" 2 11;
 .timescale 0 0;
v0x148719560_0 .var "sA", 0 0;
v0x148719600_0 .var "sB", 0 0;
v0x1487196b0_0 .net "sx", 0 0, L_0x148719780;  1 drivers
S_0x148706340 .scope module, "ux" "P1" 2 14, 2 1 0, S_0x148705760;
 .timescale 0 0;
    .port_info 0 /INPUT 1 "A";
    .port_info 1 /INPUT 1 "B";
    .port_info 2 /OUTPUT 1 "x";
L_0x148719780 .functor XOR 1, v0x148719560_0, v0x148719600_0, C4<0>, C4<0>;
v0x1487058d0_0 .net "A", 0 0, v0x148719560_0;  1 drivers
v0x1487193c0_0 .net "B", 0 0, v0x148719600_0;  1 drivers
v0x148719460_0 .net "x", 0 0, L_0x148719780;  alias, 1 drivers
    .scope S_0x148705760;
T_0 ;
    %pushi/vec4 0, 0, 2;
    %split/vec4 1;
    %store/vec4 v0x148719600_0, 0, 1;
    %store/vec4 v0x148719560_0, 0, 1;
    %vpi_call 2 17 "$dumpfile", "wave.vcd" {0 0 0};
    %vpi_call 2 18 "$dumpvars", 32'sb00000000000000000000000000000000, S_0x148705760 {0 0 0};
    %delay 80, 0;
    %vpi_call 2 19 "$finish" {0 0 0};
    %end;
    .thread T_0;
    .scope S_0x148705760;
T_1 ;
    %delay 10, 0;
    %load/vec4 v0x148719560_0;
    %load/vec4 v0x148719600_0;
    %concat/vec4; draw_concat_vec4
    %addi 1, 0, 2;
    %split/vec4 1;
    %store/vec4 v0x148719600_0, 0, 1;
    %store/vec4 v0x148719560_0, 0, 1;
    %jmp T_1;
    .thread T_1;
# The file index is used to find the file name in the following table.
:file_names 3;
    "N/A";
    "<interactive>";
    "P1.v";
