#! /opt/homebrew/Cellar/icarus-verilog/12.0/bin/vvp
:ivl_version "12.0 (stable)";
:ivl_delay_selection "TYPICAL";
:vpi_time_precision + 0;
:vpi_module "/opt/homebrew/Cellar/icarus-verilog/12.0/lib/ivl/system.vpi";
:vpi_module "/opt/homebrew/Cellar/icarus-verilog/12.0/lib/ivl/vhdl_sys.vpi";
:vpi_module "/opt/homebrew/Cellar/icarus-verilog/12.0/lib/ivl/vhdl_textio.vpi";
:vpi_module "/opt/homebrew/Cellar/icarus-verilog/12.0/lib/ivl/v2005_math.vpi";
:vpi_module "/opt/homebrew/Cellar/icarus-verilog/12.0/lib/ivl/va_math.vpi";
S_0x120f05570 .scope module, "counter" "counter" 2 1;
 .timescale 0 0;
    .port_info 0 /INPUT 1 "clk";
    .port_info 1 /INPUT 1 "rst_n";
    .port_info 2 /OUTPUT 1 "clk_bps";
L_0x128078010 .functor BUFT 1, C4<10011100010000>, C4<0>, C4<0>, C4<0>;
v0x120f09720_0 .net/2u *"_ivl_0", 13 0, L_0x128078010;  1 drivers
o0x128040040 .functor BUFZ 1, C4<z>; HiZ drive
v0x120f1a020_0 .net "clk", 0 0, o0x128040040;  0 drivers
v0x120f1a0c0_0 .net "clk_bps", 0 0, L_0x120f1a3d0;  1 drivers
v0x120f1a150_0 .var "cnt_first", 13 0;
v0x120f1a200_0 .var "cnt_second", 13 0;
o0x128040100 .functor BUFZ 1, C4<z>; HiZ drive
v0x120f1a2f0_0 .net "rst_n", 0 0, o0x128040100;  0 drivers
E_0x120f08c80/0 .event negedge, v0x120f1a2f0_0;
E_0x120f08c80/1 .event posedge, v0x120f1a020_0;
E_0x120f08c80 .event/or E_0x120f08c80/0, E_0x120f08c80/1;
L_0x120f1a3d0 .cmp/eq 14, v0x120f1a200_0, L_0x128078010;
    .scope S_0x120f05570;
T_0 ;
    %wait E_0x120f08c80;
    %load/vec4 v0x120f1a2f0_0;
    %nor/r;
    %flag_set/vec4 8;
    %jmp/0xz  T_0.0, 8;
    %pushi/vec4 0, 0, 14;
    %assign/vec4 v0x120f1a150_0, 0;
    %jmp T_0.1;
T_0.0 ;
    %load/vec4 v0x120f1a150_0;
    %cmpi/e 10000, 0, 14;
    %jmp/0xz  T_0.2, 4;
    %pushi/vec4 0, 0, 14;
    %assign/vec4 v0x120f1a150_0, 0;
    %jmp T_0.3;
T_0.2 ;
    %load/vec4 v0x120f1a150_0;
    %addi 1, 0, 14;
    %assign/vec4 v0x120f1a150_0, 0;
T_0.3 ;
T_0.1 ;
    %jmp T_0;
    .thread T_0;
    .scope S_0x120f05570;
T_1 ;
    %wait E_0x120f08c80;
    %load/vec4 v0x120f1a2f0_0;
    %nor/r;
    %flag_set/vec4 8;
    %jmp/0xz  T_1.0, 8;
    %pushi/vec4 0, 0, 14;
    %assign/vec4 v0x120f1a200_0, 0;
    %jmp T_1.1;
T_1.0 ;
    %load/vec4 v0x120f1a200_0;
    %cmpi/e 10000, 0, 14;
    %jmp/0xz  T_1.2, 4;
    %pushi/vec4 0, 0, 14;
    %assign/vec4 v0x120f1a200_0, 0;
    %jmp T_1.3;
T_1.2 ;
    %load/vec4 v0x120f1a150_0;
    %cmpi/e 10000, 0, 14;
    %jmp/0xz  T_1.4, 4;
    %load/vec4 v0x120f1a200_0;
    %addi 1, 0, 14;
    %assign/vec4 v0x120f1a200_0, 0;
    %jmp T_1.5;
T_1.4 ;
    %load/vec4 v0x120f1a200_0;
    %assign/vec4 v0x120f1a200_0, 0;
T_1.5 ;
T_1.3 ;
T_1.1 ;
    %jmp T_1;
    .thread T_1;
# The file index is used to find the file name in the following table.
:file_names 3;
    "N/A";
    "<interactive>";
    "lab11.v";
