#! /opt/homebrew/Cellar/icarus-verilog/12.0/bin/vvp
:ivl_version "12.0 (stable)";
:ivl_delay_selection "TYPICAL";
:vpi_time_precision + 0;
:vpi_module "/opt/homebrew/Cellar/icarus-verilog/12.0/lib/ivl/system.vpi";
:vpi_module "/opt/homebrew/Cellar/icarus-verilog/12.0/lib/ivl/vhdl_sys.vpi";
:vpi_module "/opt/homebrew/Cellar/icarus-verilog/12.0/lib/ivl/vhdl_textio.vpi";
:vpi_module "/opt/homebrew/Cellar/icarus-verilog/12.0/lib/ivl/v2005_math.vpi";
:vpi_module "/opt/homebrew/Cellar/icarus-verilog/12.0/lib/ivl/va_math.vpi";
S_0x153004170 .scope module, "bcd_valid_check_p2" "bcd_valid_check_p2" 2 1;
 .timescale 0 0;
    .port_info 0 /INPUT 4 "bcd_din";
    .port_info 1 /OUTPUT 1 "bcd_valid";
L_0x148040010 .functor BUFT 1, C4<1>, C4<0>, C4<0>, C4<0>;
L_0x153014bf0 .functor XOR 1, L_0x153014ca0, L_0x148040010, C4<0>, C4<0>;
L_0x148040058 .functor BUFT 1, C4<1>, C4<0>, C4<0>, C4<0>;
L_0x153014dc0 .functor XOR 1, L_0x153014e70, L_0x148040058, C4<0>, C4<0>;
L_0x1480400a0 .functor BUFT 1, C4<1>, C4<0>, C4<0>, C4<0>;
L_0x153014fd0 .functor XOR 1, L_0x153015080, L_0x1480400a0, C4<0>, C4<0>;
L_0x1530151a0 .functor AND 1, L_0x153014dc0, L_0x153014fd0, C4<1>, C4<1>;
L_0x1530152b0 .functor OR 1, L_0x153014bf0, L_0x1530151a0, C4<0>, C4<0>;
v0x153004330_0 .net *"_ivl_1", 0 0, L_0x153014ca0;  1 drivers
v0x1530143f0_0 .net/2s *"_ivl_10", 0 0, L_0x1480400a0;  1 drivers
v0x153014490_0 .net/2s *"_ivl_2", 0 0, L_0x148040010;  1 drivers
v0x153014540_0 .net *"_ivl_5", 0 0, L_0x153014e70;  1 drivers
v0x1530145f0_0 .net/2s *"_ivl_6", 0 0, L_0x148040058;  1 drivers
v0x1530146e0_0 .net *"_ivl_9", 0 0, L_0x153015080;  1 drivers
o0x148008130 .functor BUFZ 4, C4<zzzz>; HiZ drive
v0x153014790_0 .net "bcd_din", 3 0, o0x148008130;  0 drivers
v0x153014840_0 .net "bcd_valid", 0 0, L_0x1530152b0;  1 drivers
v0x1530148e0_0 .net "case_1", 0 0, L_0x153014bf0;  1 drivers
v0x1530149f0_0 .net "case_2", 0 0, L_0x153014dc0;  1 drivers
v0x153014a80_0 .net "case_3", 0 0, L_0x153014fd0;  1 drivers
v0x153014b20_0 .net "case_4", 0 0, L_0x1530151a0;  1 drivers
L_0x153014ca0 .part o0x148008130, 3, 1;
L_0x153014e70 .part o0x148008130, 2, 1;
L_0x153015080 .part o0x148008130, 1, 1;
# The file index is used to find the file name in the following table.
:file_names 3;
    "N/A";
    "<interactive>";
    "P4.v";
