#! /opt/homebrew/Cellar/icarus-verilog/12.0/bin/vvp
:ivl_version "12.0 (stable)";
:ivl_delay_selection "TYPICAL";
:vpi_time_precision + 0;
:vpi_module "/opt/homebrew/Cellar/icarus-verilog/12.0/lib/ivl/system.vpi";
:vpi_module "/opt/homebrew/Cellar/icarus-verilog/12.0/lib/ivl/vhdl_sys.vpi";
:vpi_module "/opt/homebrew/Cellar/icarus-verilog/12.0/lib/ivl/vhdl_textio.vpi";
:vpi_module "/opt/homebrew/Cellar/icarus-verilog/12.0/lib/ivl/v2005_math.vpi";
:vpi_module "/opt/homebrew/Cellar/icarus-verilog/12.0/lib/ivl/va_math.vpi";
S_0x143e05f40 .scope module, "testbench" "testbench" 2 17;
 .timescale 0 0;
v0x143e164e0_0 .net "Q", 0 0, v0x143e06220_0;  1 drivers
v0x143e16580_0 .var "T", 0 0;
v0x143e16630_0 .var "clk", 0 0;
v0x143e16700_0 .var "reset", 0 0;
S_0x143e060b0 .scope module, "uut" "T_flipflop_with_reset" 2 25, 2 1 0, S_0x143e05f40;
 .timescale 0 0;
    .port_info 0 /INPUT 1 "clk";
    .port_info 1 /INPUT 1 "T";
    .port_info 2 /INPUT 1 "reset";
    .port_info 3 /OUTPUT 1 "Q";
v0x143e06220_0 .var "Q", 0 0;
v0x143e16290_0 .net "T", 0 0, v0x143e16580_0;  1 drivers
v0x143e16330_0 .net "clk", 0 0, v0x143e16630_0;  1 drivers
v0x143e163e0_0 .net "reset", 0 0, v0x143e16700_0;  1 drivers
E_0x143e05e00/0 .event negedge, v0x143e163e0_0;
E_0x143e05e00/1 .event posedge, v0x143e16330_0;
E_0x143e05e00 .event/or E_0x143e05e00/0, E_0x143e05e00/1;
    .scope S_0x143e060b0;
T_0 ;
    %wait E_0x143e05e00;
    %load/vec4 v0x143e163e0_0;
    %nor/r;
    %flag_set/vec4 8;
    %jmp/0xz  T_0.0, 8;
    %pushi/vec4 0, 0, 1;
    %assign/vec4 v0x143e06220_0, 0;
    %jmp T_0.1;
T_0.0 ;
    %load/vec4 v0x143e16290_0;
    %flag_set/vec4 8;
    %jmp/0xz  T_0.2, 8;
    %load/vec4 v0x143e06220_0;
    %inv;
    %assign/vec4 v0x143e06220_0, 0;
T_0.2 ;
T_0.1 ;
    %jmp T_0;
    .thread T_0;
    .scope S_0x143e05f40;
T_1 ;
    %vpi_call 2 34 "$dumpfile", "wave.vcd" {0 0 0};
    %vpi_call 2 35 "$dumpvars", 32'sb00000000000000000000000000000000, S_0x143e05f40 {0 0 0};
    %pushi/vec4 0, 0, 1;
    %store/vec4 v0x143e16630_0, 0, 1;
T_1.0 ;
    %delay 5, 0;
    %load/vec4 v0x143e16630_0;
    %inv;
    %store/vec4 v0x143e16630_0, 0, 1;
    %jmp T_1.0;
    %end;
    .thread T_1;
    .scope S_0x143e05f40;
T_2 ;
    %pushi/vec4 0, 0, 1;
    %store/vec4 v0x143e16700_0, 0, 1;
    %pushi/vec4 0, 0, 1;
    %store/vec4 v0x143e16580_0, 0, 1;
    %delay 10, 0;
    %pushi/vec4 1, 0, 1;
    %store/vec4 v0x143e16700_0, 0, 1;
    %delay 10, 0;
    %pushi/vec4 1, 0, 1;
    %store/vec4 v0x143e16580_0, 0, 1;
    %delay 20, 0;
    %pushi/vec4 0, 0, 1;
    %store/vec4 v0x143e16580_0, 0, 1;
    %delay 10, 0;
    %pushi/vec4 1, 0, 1;
    %store/vec4 v0x143e16580_0, 0, 1;
    %delay 10, 0;
    %pushi/vec4 0, 0, 1;
    %store/vec4 v0x143e16700_0, 0, 1;
    %delay 10, 0;
    %pushi/vec4 1, 0, 1;
    %store/vec4 v0x143e16700_0, 0, 1;
    %delay 10, 0;
    %pushi/vec4 1, 0, 1;
    %store/vec4 v0x143e16580_0, 0, 1;
    %delay 20, 0;
    %vpi_call 2 51 "$stop" {0 0 0};
    %end;
    .thread T_2;
# The file index is used to find the file name in the following table.
:file_names 3;
    "N/A";
    "<interactive>";
    "lab9.v";
