#! /opt/homebrew/Cellar/icarus-verilog/12.0/bin/vvp
:ivl_version "12.0 (stable)";
:ivl_delay_selection "TYPICAL";
:vpi_time_precision + 0;
:vpi_module "/opt/homebrew/Cellar/icarus-verilog/12.0/lib/ivl/system.vpi";
:vpi_module "/opt/homebrew/Cellar/icarus-verilog/12.0/lib/ivl/vhdl_sys.vpi";
:vpi_module "/opt/homebrew/Cellar/icarus-verilog/12.0/lib/ivl/vhdl_textio.vpi";
:vpi_module "/opt/homebrew/Cellar/icarus-verilog/12.0/lib/ivl/v2005_math.vpi";
:vpi_module "/opt/homebrew/Cellar/icarus-verilog/12.0/lib/ivl/va_math.vpi";
S_0x12ae07220 .scope module, "lab_a2_p3_BCD2Gray" "lab_a2_p3_BCD2Gray" 2 1;
 .timescale 0 0;
    .port_info 0 /INPUT 4 "bcd";
    .port_info 1 /OUTPUT 4 "gray";
    .port_info 2 /OUTPUT 1 "valid_bcd";
o0x130040010 .functor BUFZ 4, C4<zzzz>; HiZ drive
v0x12ae0e090_0 .net "bcd", 3 0, o0x130040010;  0 drivers
v0x12ae1e070_0 .var "gray", 3 0;
v0x12ae1e110_0 .var "valid_bcd", 0 0;
E_0x12ae07cb0 .event anyedge, v0x12ae0e090_0;
    .scope S_0x12ae07220;
T_0 ;
    %wait E_0x12ae07cb0;
    %load/vec4 v0x12ae0e090_0;
    %dup/vec4;
    %pushi/vec4 0, 0, 4;
    %cmp/u;
    %jmp/1 T_0.0, 6;
    %dup/vec4;
    %pushi/vec4 1, 0, 4;
    %cmp/u;
    %jmp/1 T_0.1, 6;
    %dup/vec4;
    %pushi/vec4 2, 0, 4;
    %cmp/u;
    %jmp/1 T_0.2, 6;
    %dup/vec4;
    %pushi/vec4 3, 0, 4;
    %cmp/u;
    %jmp/1 T_0.3, 6;
    %dup/vec4;
    %pushi/vec4 4, 0, 4;
    %cmp/u;
    %jmp/1 T_0.4, 6;
    %dup/vec4;
    %pushi/vec4 5, 0, 4;
    %cmp/u;
    %jmp/1 T_0.5, 6;
    %dup/vec4;
    %pushi/vec4 6, 0, 4;
    %cmp/u;
    %jmp/1 T_0.6, 6;
    %dup/vec4;
    %pushi/vec4 7, 0, 4;
    %cmp/u;
    %jmp/1 T_0.7, 6;
    %dup/vec4;
    %pushi/vec4 8, 0, 4;
    %cmp/u;
    %jmp/1 T_0.8, 6;
    %dup/vec4;
    %pushi/vec4 9, 0, 4;
    %cmp/u;
    %jmp/1 T_0.9, 6;
    %pushi/vec4 15, 0, 4;
    %store/vec4 v0x12ae1e070_0, 0, 4;
    %pushi/vec4 0, 0, 1;
    %store/vec4 v0x12ae1e110_0, 0, 1;
    %jmp T_0.11;
T_0.0 ;
    %pushi/vec4 0, 0, 4;
    %store/vec4 v0x12ae1e070_0, 0, 4;
    %pushi/vec4 1, 0, 1;
    %store/vec4 v0x12ae1e110_0, 0, 1;
    %jmp T_0.11;
T_0.1 ;
    %pushi/vec4 1, 0, 4;
    %store/vec4 v0x12ae1e070_0, 0, 4;
    %pushi/vec4 1, 0, 1;
    %store/vec4 v0x12ae1e110_0, 0, 1;
    %jmp T_0.11;
T_0.2 ;
    %pushi/vec4 3, 0, 4;
    %store/vec4 v0x12ae1e070_0, 0, 4;
    %pushi/vec4 1, 0, 1;
    %store/vec4 v0x12ae1e110_0, 0, 1;
    %jmp T_0.11;
T_0.3 ;
    %pushi/vec4 2, 0, 4;
    %store/vec4 v0x12ae1e070_0, 0, 4;
    %pushi/vec4 1, 0, 1;
    %store/vec4 v0x12ae1e110_0, 0, 1;
    %jmp T_0.11;
T_0.4 ;
    %pushi/vec4 6, 0, 4;
    %store/vec4 v0x12ae1e070_0, 0, 4;
    %pushi/vec4 1, 0, 1;
    %store/vec4 v0x12ae1e110_0, 0, 1;
    %jmp T_0.11;
T_0.5 ;
    %pushi/vec4 7, 0, 4;
    %store/vec4 v0x12ae1e070_0, 0, 4;
    %pushi/vec4 1, 0, 1;
    %store/vec4 v0x12ae1e110_0, 0, 1;
    %jmp T_0.11;
T_0.6 ;
    %pushi/vec4 5, 0, 4;
    %store/vec4 v0x12ae1e070_0, 0, 4;
    %pushi/vec4 1, 0, 1;
    %store/vec4 v0x12ae1e110_0, 0, 1;
    %jmp T_0.11;
T_0.7 ;
    %pushi/vec4 4, 0, 4;
    %store/vec4 v0x12ae1e070_0, 0, 4;
    %pushi/vec4 1, 0, 1;
    %store/vec4 v0x12ae1e110_0, 0, 1;
    %jmp T_0.11;
T_0.8 ;
    %pushi/vec4 12, 0, 4;
    %store/vec4 v0x12ae1e070_0, 0, 4;
    %pushi/vec4 1, 0, 1;
    %store/vec4 v0x12ae1e110_0, 0, 1;
    %jmp T_0.11;
T_0.9 ;
    %pushi/vec4 13, 0, 4;
    %store/vec4 v0x12ae1e070_0, 0, 4;
    %pushi/vec4 1, 0, 1;
    %store/vec4 v0x12ae1e110_0, 0, 1;
    %jmp T_0.11;
T_0.11 ;
    %pop/vec4 1;
    %jmp T_0;
    .thread T_0, $push;
# The file index is used to find the file name in the following table.
:file_names 3;
    "N/A";
    "<interactive>";
    "p3.v";
