#! /opt/homebrew/Cellar/icarus-verilog/12.0/bin/vvp
:ivl_version "12.0 (stable)";
:ivl_delay_selection "TYPICAL";
:vpi_time_precision + 0;
:vpi_module "/opt/homebrew/Cellar/icarus-verilog/12.0/lib/ivl/system.vpi";
:vpi_module "/opt/homebrew/Cellar/icarus-verilog/12.0/lib/ivl/vhdl_sys.vpi";
:vpi_module "/opt/homebrew/Cellar/icarus-verilog/12.0/lib/ivl/vhdl_textio.vpi";
:vpi_module "/opt/homebrew/Cellar/icarus-verilog/12.0/lib/ivl/v2005_math.vpi";
:vpi_module "/opt/homebrew/Cellar/icarus-verilog/12.0/lib/ivl/va_math.vpi";
S_0x13ae11b20 .scope module, "test" "test" 2 26;
 .timescale 0 0;
v0x13ae22ac0_0 .var "a_tb", 0 0;
v0x13ae22b90_0 .var "b_tb", 0 0;
v0x13ae22c60_0 .var "c_tb", 0 0;
v0x13ae22d30_0 .var "d_tb", 0 0;
v0x13ae22dc0_0 .net "y_tb", 0 0, v0x13ae22610_0;  1 drivers
S_0x13ae0a500 .scope module, "ux" "temp" 2 29, 2 19 0, S_0x13ae11b20;
 .timescale 0 0;
    .port_info 0 /INPUT 1 "A";
    .port_info 1 /INPUT 1 "B";
    .port_info 2 /INPUT 1 "C";
    .port_info 3 /INPUT 1 "D";
    .port_info 4 /OUTPUT 1 "Y";
v0x13ae22780_0 .net "A", 0 0, v0x13ae22ac0_0;  1 drivers
v0x13ae22810_0 .net "B", 0 0, v0x13ae22b90_0;  1 drivers
v0x13ae228a0_0 .net "C", 0 0, v0x13ae22c60_0;  1 drivers
v0x13ae22930_0 .net "D", 0 0, v0x13ae22d30_0;  1 drivers
v0x13ae229c0_0 .net "Y", 0 0, v0x13ae22610_0;  alias, 1 drivers
S_0x13ae0a670 .scope module, "ux" "lab7" 2 23, 2 1 0, S_0x13ae0a500;
 .timescale 0 0;
    .port_info 0 /INPUT 1 "D0";
    .port_info 1 /INPUT 1 "D1";
    .port_info 2 /INPUT 1 "D2";
    .port_info 3 /INPUT 1 "D3";
    .port_info 4 /INPUT 1 "D4";
    .port_info 5 /INPUT 1 "D5";
    .port_info 6 /INPUT 1 "D6";
    .port_info 7 /INPUT 1 "D7";
    .port_info 8 /INPUT 1 "S2";
    .port_info 9 /INPUT 1 "S1";
    .port_info 10 /INPUT 1 "S0";
    .port_info 11 /OUTPUT 1 "Y";
L_0x140078010 .functor BUFT 1, C4<1>, C4<0>, C4<0>, C4<0>;
v0x13ae07540_0 .net "D0", 0 0, L_0x140078010;  1 drivers
L_0x140078058 .functor BUFT 1, C4<0>, C4<0>, C4<0>, C4<0>;
v0x13ae21ec0_0 .net "D1", 0 0, L_0x140078058;  1 drivers
v0x13ae21f60_0 .net "D2", 0 0, v0x13ae22d30_0;  alias, 1 drivers
v0x13ae21ff0_0 .net "D3", 0 0, v0x13ae22d30_0;  alias, 1 drivers
L_0x1400780a0 .functor BUFT 1, C4<0>, C4<0>, C4<0>, C4<0>;
v0x13ae220a0_0 .net "D4", 0 0, L_0x1400780a0;  1 drivers
v0x13ae22170_0 .net "D5", 0 0, v0x13ae22d30_0;  alias, 1 drivers
v0x13ae22240_0 .net "D6", 0 0, v0x13ae22d30_0;  alias, 1 drivers
v0x13ae222d0_0 .net "D7", 0 0, v0x13ae22d30_0;  alias, 1 drivers
v0x13ae223e0_0 .net "S0", 0 0, v0x13ae22c60_0;  alias, 1 drivers
v0x13ae224f0_0 .net "S1", 0 0, v0x13ae22b90_0;  alias, 1 drivers
v0x13ae22580_0 .net "S2", 0 0, v0x13ae22ac0_0;  alias, 1 drivers
v0x13ae22610_0 .var "Y", 0 0;
E_0x13ae0b1a0/0 .event anyedge, v0x13ae22580_0, v0x13ae224f0_0, v0x13ae223e0_0, v0x13ae07540_0;
E_0x13ae0b1a0/1 .event anyedge, v0x13ae21ec0_0, v0x13ae21f60_0, v0x13ae21f60_0, v0x13ae220a0_0;
E_0x13ae0b1a0/2 .event anyedge, v0x13ae21f60_0, v0x13ae21f60_0, v0x13ae21f60_0;
E_0x13ae0b1a0 .event/or E_0x13ae0b1a0/0, E_0x13ae0b1a0/1, E_0x13ae0b1a0/2;
    .scope S_0x13ae0a670;
T_0 ;
    %wait E_0x13ae0b1a0;
    %load/vec4 v0x13ae22580_0;
    %load/vec4 v0x13ae224f0_0;
    %concat/vec4; draw_concat_vec4
    %load/vec4 v0x13ae223e0_0;
    %concat/vec4; draw_concat_vec4
    %dup/vec4;
    %pushi/vec4 0, 0, 3;
    %cmp/u;
    %jmp/1 T_0.0, 6;
    %dup/vec4;
    %pushi/vec4 1, 0, 3;
    %cmp/u;
    %jmp/1 T_0.1, 6;
    %dup/vec4;
    %pushi/vec4 2, 0, 3;
    %cmp/u;
    %jmp/1 T_0.2, 6;
    %dup/vec4;
    %pushi/vec4 3, 0, 3;
    %cmp/u;
    %jmp/1 T_0.3, 6;
    %dup/vec4;
    %pushi/vec4 4, 0, 3;
    %cmp/u;
    %jmp/1 T_0.4, 6;
    %dup/vec4;
    %pushi/vec4 5, 0, 3;
    %cmp/u;
    %jmp/1 T_0.5, 6;
    %dup/vec4;
    %pushi/vec4 6, 0, 3;
    %cmp/u;
    %jmp/1 T_0.6, 6;
    %dup/vec4;
    %pushi/vec4 7, 0, 3;
    %cmp/u;
    %jmp/1 T_0.7, 6;
    %jmp T_0.8;
T_0.0 ;
    %load/vec4 v0x13ae07540_0;
    %store/vec4 v0x13ae22610_0, 0, 1;
    %jmp T_0.8;
T_0.1 ;
    %load/vec4 v0x13ae21ec0_0;
    %store/vec4 v0x13ae22610_0, 0, 1;
    %jmp T_0.8;
T_0.2 ;
    %load/vec4 v0x13ae21f60_0;
    %store/vec4 v0x13ae22610_0, 0, 1;
    %jmp T_0.8;
T_0.3 ;
    %load/vec4 v0x13ae21ff0_0;
    %store/vec4 v0x13ae22610_0, 0, 1;
    %jmp T_0.8;
T_0.4 ;
    %load/vec4 v0x13ae220a0_0;
    %store/vec4 v0x13ae22610_0, 0, 1;
    %jmp T_0.8;
T_0.5 ;
    %load/vec4 v0x13ae22170_0;
    %store/vec4 v0x13ae22610_0, 0, 1;
    %jmp T_0.8;
T_0.6 ;
    %load/vec4 v0x13ae22240_0;
    %store/vec4 v0x13ae22610_0, 0, 1;
    %jmp T_0.8;
T_0.7 ;
    %load/vec4 v0x13ae222d0_0;
    %store/vec4 v0x13ae22610_0, 0, 1;
    %jmp T_0.8;
T_0.8 ;
    %pop/vec4 1;
    %jmp T_0;
    .thread T_0, $push;
    .scope S_0x13ae11b20;
T_1 ;
    %vpi_call 2 31 "$dumpfile", "lab7.vcd" {0 0 0};
    %vpi_call 2 32 "$dumpvars" {0 0 0};
    %pushi/vec4 0, 0, 4;
    %split/vec4 1;
    %store/vec4 v0x13ae22d30_0, 0, 1;
    %split/vec4 1;
    %store/vec4 v0x13ae22c60_0, 0, 1;
    %split/vec4 1;
    %store/vec4 v0x13ae22b90_0, 0, 1;
    %store/vec4 v0x13ae22ac0_0, 0, 1;
    %delay 160, 0;
    %vpi_call 2 35 "$finish" {0 0 0};
    %end;
    .thread T_1;
    .scope S_0x13ae11b20;
T_2 ;
    %delay 10, 0;
    %load/vec4 v0x13ae22ac0_0;
    %load/vec4 v0x13ae22b90_0;
    %concat/vec4; draw_concat_vec4
    %load/vec4 v0x13ae22c60_0;
    %concat/vec4; draw_concat_vec4
    %load/vec4 v0x13ae22d30_0;
    %concat/vec4; draw_concat_vec4
    %addi 1, 0, 4;
    %split/vec4 1;
    %store/vec4 v0x13ae22d30_0, 0, 1;
    %split/vec4 1;
    %store/vec4 v0x13ae22c60_0, 0, 1;
    %split/vec4 1;
    %store/vec4 v0x13ae22b90_0, 0, 1;
    %store/vec4 v0x13ae22ac0_0, 0, 1;
    %jmp T_2;
    .thread T_2;
# The file index is used to find the file name in the following table.
:file_names 3;
    "N/A";
    "<interactive>";
    "lab7.v";
